<?xml version="1.0" encoding="UTF-8"?>
<!-- Generated by org.testng.reporters.JUnitXMLReporter -->
<testsuite hostname="Mr-Dell" ignored="0" name="TN Test Cases" tests="16" failures="0" timestamp="2023-04-26T22:01:06 EDT" time="125.795" errors="0">
  <testcase name="verifyLoginTutorialninjaWithValidUserNameAndValidPassword" time="1.01" classname="com_TN_Frameeworkdesign.LoginTest"/>
  <testcase name="verifyLoginTutorialninjaWithInvalidUserNameAndInvalidPassword" time="0.581" classname="com_TN_Frameeworkdesign.LoginTest"/>
  <testcase name="verifyLoginTutorialninjaWithvalidUserNameAndInvalidPassword" time="0.597" classname="com_TN_Frameeworkdesign.LoginTest"/>
  <testcase name="verifyLoginTutorialninjaWithInvalidUserNameAndvalidPassword" time="0.624" classname="com_TN_Frameeworkdesign.LoginTest"/>
  <testcase name="verifyLoginTutorialninjaWithEmptyUserNameAndvalidPassword" time="0.498" classname="com_TN_Frameeworkdesign.LoginTest"/>
  <testcase name="verifyLoginTutorialninjaWithValidUserNameAndEmptyPassword" time="0.53" classname="com_TN_Frameeworkdesign.LoginTest"/>
  <testcase name="verifyRegisterAnAccountWithNewUserInfo" time="1.3" classname="com_TN_Frameeworkdesign.RegisterTest"/>
  <testcase name="verifyRegisterAccountWithExistingUserInfo" time="1.453" classname="com_TN_Frameeworkdesign.RegisterTest"/>
  <testcase name="verifyRegisterAccountUsingOnlyNumbersAsPassword" time="1.335" classname="com_TN_Frameeworkdesign.RegisterTest"/>
  <testcase name="verifyRegisterAccountWithForeignPhoneNumber" time="1.602" classname="com_TN_Frameeworkdesign.RegisterTest"/>
  <testcase name="verifyRegisterAccountWithEmptyEmailTextbox" time="0.836" classname="com_TN_Frameeworkdesign.RegisterTest"/>
  <testcase name="verifyRegisterAccountWithEmptyPasswordTextbox" time="0.906" classname="com_TN_Frameeworkdesign.RegisterTest"/>
  <testcase name="VerifySearchingMacBookLaptop" time="0.824" classname="com_TN_Frameeworkdesign.SearchProductTest"/>
  <testcase name="verifySearchingDellLaptop" time="0.517" classname="com_TN_Frameeworkdesign.SearchProductTest"/>
  <testcase name="verifySearchingWithEmptyTextbox" time="0.466" classname="com_TN_Frameeworkdesign.SearchProductTest"/>
  <testcase name="verifySearchingExistingProductAfterUserLogin" time="2.09" classname="com_TN_Frameeworkdesign.SearchProductTest"/>
</testsuite> <!-- TN Test Cases -->
