<?xml version="1.0" encoding="UTF-8"?>
<!-- Generated by org.testng.reporters.JUnitXMLReporter -->
<testsuite ignored="0" hostname="Mr-Dell" failures="0" tests="6" name="Default test" time="41.416" errors="0" timestamp="2023-04-26T21:55:12 EDT">
  <testcase classname="com_TN_Frameeworkdesign.LoginTest" name="verifyLoginTutorialninjaWithValidUserNameAndValidPassword" time="1.171"/>
  <testcase classname="com_TN_Frameeworkdesign.LoginTest" name="verifyLoginTutorialninjaWithInvalidUserNameAndInvalidPassword" time="0.817"/>
  <testcase classname="com_TN_Frameeworkdesign.LoginTest" name="verifyLoginTutorialninjaWithvalidUserNameAndInvalidPassword" time="0.702"/>
  <testcase classname="com_TN_Frameeworkdesign.LoginTest" name="verifyLoginTutorialninjaWithInvalidUserNameAndvalidPassword" time="0.718"/>
  <testcase classname="com_TN_Frameeworkdesign.LoginTest" name="verifyLoginTutorialninjaWithEmptyUserNameAndvalidPassword" time="0.545"/>
  <testcase classname="com_TN_Frameeworkdesign.LoginTest" name="verifyLoginTutorialninjaWithValidUserNameAndEmptyPassword" time="0.551"/>
</testsuite> <!-- Default test -->
