<?xml version="1.0" encoding="UTF-8"?>
<!-- Generated by org.testng.reporters.JUnitXMLReporter -->
<testsuite hostname="Mr-Dell" ignored="0" name="Test" tests="14" failures="0" timestamp="2023-04-25T17:31:58 EDT" time="126.133" errors="0">
  <testcase name="verifyLoginTutorialninjaWithValidUserNameAndValidPassword" time="1.108" classname="com_TN_Frameeworkdesign.LoginTest"/>
  <testcase name="verifyLoginTutorialninjaWithInvalidUserNameAndInvalidPassword" time="0.849" classname="com_TN_Frameeworkdesign.LoginTest"/>
  <testcase name="verifyLoginTutorialninjaWithvalidUserNameAndInvalidPassword" time="1.056" classname="com_TN_Frameeworkdesign.LoginTest"/>
  <testcase name="verifyLoginTutorialninjaWithInvalidUserNameAndvalidPassword" time="0.743" classname="com_TN_Frameeworkdesign.LoginTest"/>
  <testcase name="verifyLoginTutorialninjaWithEmptyUserNameAndvalidPassword" time="0.559" classname="com_TN_Frameeworkdesign.LoginTest"/>
  <testcase name="verifyRegisterAnAccountWithNewUserInfo" time="1.592" classname="com_TN_Frameeworkdesign.RegisterTest"/>
  <testcase name="verifyRegisterAccountWithExistingUserInfo" time="1.37" classname="com_TN_Frameeworkdesign.RegisterTest"/>
  <testcase name="verifyRegisterAccountUsingOnlyNumbersAsPassword" time="1.587" classname="com_TN_Frameeworkdesign.RegisterTest"/>
  <testcase name="verifyRegisterAccountWithForeignPhoneNumber" time="1.614" classname="com_TN_Frameeworkdesign.RegisterTest"/>
  <testcase name="verifyRegisterAccountWithEmptyEmailTextbox" time="1.239" classname="com_TN_Frameeworkdesign.RegisterTest"/>
  <testcase name="VerifySearchingMacBookLaptop" time="0.855" classname="com_TN_Frameeworkdesign.SearchProductTest"/>
  <testcase name="verifySearchingDellLaptop" time="0.639" classname="com_TN_Frameeworkdesign.SearchProductTest"/>
  <testcase name="verifySearchingWithEmptyTextbox" time="0.551" classname="com_TN_Frameeworkdesign.SearchProductTest"/>
  <testcase name="verifySearchingMacbookLaptopAfterUserLogin" time="2.751" classname="com_TN_Frameeworkdesign.SearchProductTest"/>
</testsuite> <!-- Test -->
