<?xml version="1.0" encoding="UTF-8"?>
<!-- Generated by org.testng.reporters.JUnitXMLReporter -->
<testsuite ignored="0" hostname="Mr-Dell" failures="0" tests="15" name="TN Test Cases" time="126.163" errors="0" timestamp="2023-04-26T00:24:09 EDT">
  <testcase classname="com_TN_Frameeworkdesign.LoginTest" name="verifyLoginTutorialninjaWithValidUserNameAndValidPassword" time="1.108"/>
  <testcase classname="com_TN_Frameeworkdesign.LoginTest" name="verifyLoginTutorialninjaWithInvalidUserNameAndInvalidPassword" time="0.741"/>
  <testcase classname="com_TN_Frameeworkdesign.LoginTest" name="verifyLoginTutorialninjaWithvalidUserNameAndInvalidPassword" time="0.738"/>
  <testcase classname="com_TN_Frameeworkdesign.LoginTest" name="verifyLoginTutorialninjaWithInvalidUserNameAndvalidPassword" time="0.665"/>
  <testcase classname="com_TN_Frameeworkdesign.LoginTest" name="verifyLoginTutorialninjaWithEmptyUserNameAndvalidPassword" time="0.637"/>
  <testcase classname="com_TN_Frameeworkdesign.LoginTest" name="verifyLoginTutorialninjaWithValidUserNameAndEmptyPassword" time="0.674"/>
  <testcase classname="com_TN_Frameeworkdesign.RegisterTest" name="verifyRegisterAnAccountWithNewUserInfo" time="1.709"/>
  <testcase classname="com_TN_Frameeworkdesign.RegisterTest" name="verifyRegisterAccountWithExistingUserInfo" time="1.218"/>
  <testcase classname="com_TN_Frameeworkdesign.RegisterTest" name="verifyRegisterAccountUsingOnlyNumbersAsPassword" time="1.793"/>
  <testcase classname="com_TN_Frameeworkdesign.RegisterTest" name="verifyRegisterAccountWithForeignPhoneNumber" time="1.655"/>
  <testcase classname="com_TN_Frameeworkdesign.RegisterTest" name="verifyRegisterAccountWithEmptyEmailTextbox" time="0.99"/>
  <testcase classname="com_TN_Frameeworkdesign.SearchProductTest" name="VerifySearchingMacBookLaptop" time="0.91"/>
  <testcase classname="com_TN_Frameeworkdesign.SearchProductTest" name="verifySearchingDellLaptop" time="0.727"/>
  <testcase classname="com_TN_Frameeworkdesign.SearchProductTest" name="verifySearchingWithEmptyTextbox" time="0.493"/>
  <testcase classname="com_TN_Frameeworkdesign.SearchProductTest" name="verifySearchingMacbookLaptopAfterUserLogin" time="2.688"/>
</testsuite> <!-- TN Test Cases -->
